2018-09-26 15:16:10 INFO  StudentDaoIntegrationTest:55 - StudentintegrationTest testAdd Started
2018-09-26 15:16:10 INFO  StudentDaoIntegrationTest:57 - Student [idStudent=1, name=Guisseppe, surname=Verdi, age=43]
2018-09-26 15:16:10 INFO  StudentDaoIntegrationTest:59 - StudentWithLombokDao created
2018-09-26 15:16:57 INFO  StudentDaoIntegrationTest:55 - StudentintegrationTest testAdd Started
2018-09-26 15:16:57 INFO  StudentDaoIntegrationTest:57 - Student [idStudent=1, name=Guisseppe, surname=Verdi, age=43]
2018-09-26 15:16:57 INFO  StudentDaoIntegrationTest:59 - StudentWithLombokDao created
2018-09-26 15:17:13 INFO  StudentDaoIntegrationTest:55 - StudentintegrationTest testAdd Started
2018-09-26 15:17:13 INFO  StudentDaoIntegrationTest:57 - Student [idStudent=1, name=Guisseppe, surname=Verdi, age=43]
2018-09-26 15:17:13 INFO  StudentDaoIntegrationTest:59 - StudentWithLombokDao created
2018-09-26 15:18:01 INFO  StudentDaoIntegrationTest:55 - StudentintegrationTest testAdd Started
2018-09-26 15:18:01 INFO  StudentDaoIntegrationTest:57 - Student [idStudent=1, name=Guisseppe, surname=Verdi, age=43]
2018-09-26 15:18:01 INFO  StudentDaoIntegrationTest:59 - StudentWithLombokDao created
2018-09-26 15:19:36 INFO  StudentDaoIntegrationTest:55 - StudentintegrationTest testAdd Started
2018-09-26 15:19:36 INFO  StudentDaoIntegrationTest:57 - 1,Guisseppe,Verdi,43,
2018-09-26 15:19:36 INFO  StudentDaoIntegrationTest:59 - StudentWithLombokDao created
2018-09-26 15:19:49 INFO  StudentDaoIntegrationTest:55 - StudentintegrationTest testAdd Started
2018-09-26 15:19:49 INFO  StudentDaoIntegrationTest:57 - 1,Guisseppe,Verdi,43,
2018-09-26 15:19:49 INFO  StudentDaoIntegrationTest:59 - StudentWithLombokDao created
2018-09-26 15:19:49 INFO  StudentDaoIntegrationTest:50 - StudentWithLombokIntegrationTest Finished
2018-09-26 15:19:58 INFO  StudentDaoIntegrationTest:55 - StudentintegrationTest testAdd Started
2018-09-26 15:19:58 INFO  StudentDaoIntegrationTest:57 - 1,Guisseppe,Verdi,43,
2018-09-26 15:19:58 INFO  StudentDaoIntegrationTest:59 - StudentWithLombokDao created
2018-09-26 15:22:32 INFO  StudentDaoIntegrationTest:55 - StudentintegrationTest testAdd Started
2018-09-26 15:22:32 INFO  StudentDaoIntegrationTest:57 - 1,Guisseppe,Verdi,43,
2018-09-26 15:22:32 INFO  StudentDaoIntegrationTest:59 - StudentWithLombokDao created
2018-09-26 15:31:30 INFO  StudentDaoIntegrationTest:55 - StudentintegrationTest testAdd Started
2018-09-26 15:31:30 INFO  StudentDaoIntegrationTest:57 - 1,Guisseppe,Verdi,43,
2018-09-26 15:31:30 INFO  StudentDaoIntegrationTest:59 - StudentWithLombokDao created
2018-09-26 15:31:42 INFO  StudentDaoIntegrationTest:55 - StudentintegrationTest testAdd Started
2018-09-26 15:31:42 INFO  StudentDaoIntegrationTest:57 - 1,Guisseppe,Verdi,43,
2018-09-26 15:31:42 INFO  StudentDaoIntegrationTest:59 - StudentWithLombokDao created
2018-09-26 15:32:54 INFO  StudentDaoIntegrationTest:55 - StudentintegrationTest testAdd Started
2018-09-26 15:32:54 INFO  StudentDaoIntegrationTest:57 - 1,Guisseppe,Verdi,43,
2018-09-26 15:32:54 INFO  StudentDaoIntegrationTest:59 - StudentWithLombokDao created
2018-09-26 15:33:39 INFO  StudentDaoIntegrationTest:55 - StudentintegrationTest testAdd Started
2018-09-26 15:33:39 INFO  StudentDaoIntegrationTest:57 - 1,Guisseppe,Verdi,43
2018-09-26 15:33:39 INFO  StudentDaoIntegrationTest:59 - StudentWithLombokDao created
2018-09-26 15:34:39 INFO  StudentDaoIntegrationTest:55 - StudentintegrationTest testAdd Started
2018-09-26 15:34:39 INFO  StudentDaoIntegrationTest:57 - 1,Guisseppe,Verdi,43
2018-09-26 15:34:39 INFO  StudentDaoIntegrationTest:59 - StudentWithLombokDao created
2018-09-26 15:34:39 INFO  StudentDaoIntegrationTest:61 - 1,Guisseppe,Verdi,43
2018-09-26 15:34:39 INFO  StudentDaoIntegrationTest:64 - StudentintegrationTest testAdd Finished
2018-09-26 15:34:39 INFO  StudentDaoIntegrationTest:50 - StudentWithLombokIntegrationTest Finished
